<?xml version="1.0" encoding="UTF-8"?>
<!-- Generated by org.testng.reporters.JUnitReportReporter -->
<testsuite hostname="DESKTOP-UTK4RG0" failures="0" tests="1" name="Test_testNG.FormyTask" time="11.694" errors="0" timestamp="2022-10-02T14:54:55 IST" skipped="0">
  <testcase classname="Test_testNG.FormyTask" name="Formy" time="11.694"/>
  <system-out/>
</testsuite> <!-- Test_testNG.FormyTask -->
