<?xml version="1.0" encoding="UTF-8"?>
<!-- Generated by org.testng.reporters.JUnitReportReporter -->
<testsuite hostname="DESKTOP-UTK4RG0" failures="0" tests="3" name="Test_testNG.testng_demo" time="0.005" errors="0" timestamp="2022-09-28T01:07:41 IST" skipped="0">
  <testcase classname="Test_testNG.testng_demo" name="Test1" time="0.002"/>
  <system-out/>
  <testcase classname="Test_testNG.testng_demo" name="Test3" time="0.001"/>
  <system-out/>
  <testcase classname="Test_testNG.testng_demo" name="Test2" time="0.002"/>
  <system-out/>
</testsuite> <!-- Test_testNG.testng_demo -->
