<?xml version="1.0" encoding="UTF-8"?>
<!-- Generated by org.testng.reporters.JUnitReportReporter -->
<testsuite hostname="DESKTOP-UTK4RG0" failures="0" tests="5" name="Test_testNG.Test_4" time="0.048" errors="0" timestamp="2022-09-28T16:32:31 IST" skipped="0">
  <testcase classname="Test_testNG.Test_4" name="m3" time="0.010"/>
  <system-out/>
  <testcase classname="Test_testNG.Test_4" name="m2" time="0.003"/>
  <system-out/>
  <testcase classname="Test_testNG.Test_4" name="m5" time="0.008"/>
  <system-out/>
  <testcase classname="Test_testNG.Test_4" name="m1" time="0.025"/>
  <system-out/>
  <testcase classname="Test_testNG.Test_4" name="m4" time="0.002"/>
  <system-out/>
</testsuite> <!-- Test_testNG.Test_4 -->
