<?xml version="1.0" encoding="UTF-8"?>
<!-- Generated by org.testng.reporters.JUnitReportReporter -->
<testsuite hostname="DESKTOP-UTK4RG0" failures="0" tests="4" name="Test_testNG.Test1" time="33.420" errors="0" timestamp="2022-09-28T01:07:41 IST" skipped="0">
  <testcase classname="Test_testNG.Test1" name="verify_page4" time="7.484"/>
  <system-out/>
  <testcase classname="Test_testNG.Test1" name="verify_page2" time="7.086"/>
  <system-out/>
  <testcase classname="Test_testNG.Test1" name="verify_page1" time="7.709"/>
  <system-out/>
  <testcase classname="Test_testNG.Test1" name="verify_page3" time="11.141"/>
  <system-out/>
</testsuite> <!-- Test_testNG.Test1 -->
