<?xml version="1.0" encoding="UTF-8"?>
<!-- Generated by org.testng.reporters.JUnitReportReporter -->
<testsuite hostname="DESKTOP-UTK4RG0" failures="0" tests="2" name="Test_testNG.Test_5" time="13.872" errors="0" timestamp="2022-09-28T18:43:38 IST" skipped="0">
  <testcase classname="Test_testNG.Test_5" name="a2" time="6.717"/>
  <system-out/>
  <testcase classname="Test_testNG.Test_5" name="a1" time="7.155"/>
  <system-out/>
</testsuite> <!-- Test_testNG.Test_5 -->
