<?xml version="1.0" encoding="UTF-8"?>
<!-- Generated by org.testng.reporters.JUnitReportReporter -->
<testsuite hostname="DESKTOP-UTK4RG0" failures="0" tests="1" name="Test_testNG.Handle_Alert" time="11.675" errors="0" timestamp="2022-09-29T19:25:31 IST" skipped="0">
  <testcase classname="Test_testNG.Handle_Alert" name="Handlealert" time="11.675"/>
  <system-out/>
</testsuite> <!-- Test_testNG.Handle_Alert -->
