<?xml version="1.0" encoding="UTF-8"?>
<!-- Generated by org.testng.reporters.JUnitReportReporter -->
<testsuite hostname="DESKTOP-UTK4RG0" failures="0" tests="1" name="Test_testNG.Browser_Opening" time="0.004" errors="0" timestamp="2022-09-28T01:07:41 IST" skipped="0">
  <testcase classname="Test_testNG.Browser_Opening" name="Test001" time="0.004"/>
  <system-out/>
</testsuite> <!-- Test_testNG.Browser_Opening -->
