<?xml version="1.0" encoding="UTF-8"?>
<!-- Generated by org.testng.reporters.JUnitReportReporter -->
<testsuite hostname="DESKTOP-UTK4RG0" failures="0" tests="2" name="Test_testNG.CrossBrowser" time="16.910" errors="0" timestamp="2022-09-28T18:43:38 IST" skipped="0">
  <testcase classname="Test_testNG.CrossBrowser" name="test1" time="6.741"/>
  <system-out/>
  <testcase classname="Test_testNG.CrossBrowser" name="test1" time="10.169"/>
  <system-out/>
</testsuite> <!-- Test_testNG.CrossBrowser -->
