<?xml version="1.0" encoding="UTF-8"?>
<!-- Generated by org.testng.reporters.JUnitReportReporter -->
<testsuite hostname="DESKTOP-UTK4RG0" failures="0" tests="1" name="Test_testNG.HAndelingChildWIterator" time="14.257" errors="0" timestamp="2022-09-30T12:59:35 IST" skipped="0">
  <testcase classname="Test_testNG.HAndelingChildWIterator" name="HandlChildWindow" time="14.257"/>
  <system-out/>
</testsuite> <!-- Test_testNG.HAndelingChildWIterator -->
