<?xml version="1.0" encoding="UTF-8"?>
<!-- Generated by org.testng.reporters.JUnitReportReporter -->
<testsuite hostname="DESKTOP-UTK4RG0" failures="0" tests="1" name="Test_testNG.Amazon" time="39.565" errors="0" timestamp="2022-10-03T01:48:36 IST" skipped="0">
  <testcase classname="Test_testNG.Amazon" name="TAsk" time="39.565"/>
  <system-out/>
</testsuite> <!-- Test_testNG.Amazon -->
