<?xml version="1.0" encoding="UTF-8"?>
<!-- Generated by org.testng.reporters.JUnitReportReporter -->
<testsuite hostname="DESKTOP-UTK4RG0" failures="0" tests="1" name="TestCases.guruTestDemo2" time="13.712" errors="0" timestamp="2022-09-30T18:09:55 IST" skipped="0">
  <testcase classname="TestCases.guruTestDemo2" name="test2" time="13.712"/>
  <system-out/>
</testsuite> <!-- TestCases.guruTestDemo2 -->
