<?xml version="1.0" encoding="UTF-8"?>
<!-- Generated by org.testng.reporters.JUnitReportReporter -->
<testsuite hostname="DESKTOP-UTK4RG0" failures="0" tests="1" name="Test_testNG.ChildWindow" time="21.866" errors="0" timestamp="2022-09-30T00:51:07 IST" skipped="0">
  <testcase classname="Test_testNG.ChildWindow" name="HandlChildWindow" time="21.866"/>
  <system-out/>
</testsuite> <!-- Test_testNG.ChildWindow -->
