<?xml version="1.0" encoding="UTF-8"?>
<!-- Generated by org.testng.reporters.JUnitReportReporter -->
<testsuite hostname="DESKTOP-UTK4RG0" failures="0" tests="1" name="TestCases.Test_Demo_1" time="95.120" errors="0" timestamp="2022-09-30T16:56:08 IST" skipped="0">
  <testcase classname="TestCases.Test_Demo_1" name="test1" time="95.120"/>
  <system-out/>
</testsuite> <!-- TestCases.Test_Demo_1 -->
