<?xml version="1.0" encoding="UTF-8"?>
<!-- Generated by org.testng.reporters.JUnitReportReporter -->
<testsuite hostname="DESKTOP-UTK4RG0" failures="0" tests="1" name="Test_testNG.Alert" time="19.492" errors="0" timestamp="2022-09-29T19:02:45 IST" skipped="0">
  <testcase classname="Test_testNG.Alert" name="HAndleAlert" time="19.492"/>
  <system-out/>
</testsuite> <!-- Test_testNG.Alert -->
