<?xml version="1.0" encoding="UTF-8"?>
<!-- Generated by org.testng.reporters.JUnitReportReporter -->
<testsuite hostname="DESKTOP-UTK4RG0" failures="0" tests="1" name="test.Test_CreossBrowser" time="12.493" errors="0" timestamp="2022-09-28T17:24:23 IST" skipped="0">
  <testcase classname="test.Test_CreossBrowser" name="test1" time="12.493"/>
  <system-out/>
</testsuite> <!-- test.Test_CreossBrowser -->
